CastLynk-Legacy/build/intermediates/manifest_merge_blame_file/debug/processDebugMainManifest/manifest-merger-blame-debug-report.txt
1<?xml version="1.0" encoding="utf-8"?>
2<manifest xmlns:android="http://schemas.android.com/apk/res/android"
3    package="com.example.castlynk.legacy"
4    android:versionCode="12"
5    android:versionName="2.1" >
6
7    <uses-sdk
7-->INJECTED
8        android:minSdkVersion="21"
8-->INJECTED
9        android:targetSdkVersion="34" />
9-->INJECTED
10
11    <uses-permission android:name="android.permission.INTERNET" />
11-->src\main\AndroidManifest.xml:5:5-67
11-->src\main\AndroidManifest.xml:5:22-64
12    <uses-permission android:name="android.permission.ACCESS_NETWORK_STATE" />
12-->src\main\AndroidManifest.xml:6:5-79
12-->src\main\AndroidManifest.xml:6:22-76
13    <uses-permission android:name="android.permission.ACCESS_WIFI_STATE" />
13-->src\main\AndroidManifest.xml:7:5-76
13-->src\main\AndroidManifest.xml:7:22-73
14    <uses-permission android:name="android.permission.CHANGE_WIFI_STATE" />
14-->src\main\AndroidManifest.xml:8:5-76
14-->src\main\AndroidManifest.xml:8:22-73
15    <uses-permission android:name="android.permission.ACCESS_FINE_LOCATION" />
15-->src\main\AndroidManifest.xml:9:5-79
15-->src\main\AndroidManifest.xml:9:22-76
16    <uses-permission android:name="android.permission.ACCESS_COARSE_LOCATION" />
16-->src\main\AndroidManifest.xml:10:5-81
16-->src\main\AndroidManifest.xml:10:22-78
17    <uses-permission
17-->src\main\AndroidManifest.xml:11:5-145
18        android:name="android.permission.NEARBY_WIFI_DEVICES"
18-->src\main\AndroidManifest.xml:11:22-75
19        android:usesPermissionFlags="neverForLocation" />
19-->src\main\AndroidManifest.xml:11:76-122
20    <uses-permission android:name="android.permission.FOREGROUND_SERVICE" />
20-->src\main\AndroidManifest.xml:12:5-77
20-->src\main\AndroidManifest.xml:12:22-74
21    <uses-permission android:name="android.permission.FOREGROUND_SERVICE_MEDIA_PROJECTION" />
21-->src\main\AndroidManifest.xml:13:5-94
21-->src\main\AndroidManifest.xml:13:22-91
22    <uses-permission android:name="android.permission.POST_NOTIFICATIONS" />
22-->src\main\AndroidManifest.xml:14:5-77
22-->src\main\AndroidManifest.xml:14:22-74
23    <uses-permission android:name="android.permission.READ_EXTERNAL_STORAGE" />
23-->src\main\AndroidManifest.xml:15:5-80
23-->src\main\AndroidManifest.xml:15:22-77
24    <uses-permission android:name="android.permission.WRITE_EXTERNAL_STORAGE" />
24-->src\main\AndroidManifest.xml:16:5-110
24-->src\main\AndroidManifest.xml:16:22-78
25
26    <permission
26-->[androidx.core:core:1.9.0] AndroidManifest.xml:22:5-24:47
27        android:name="com.example.castlynk.legacy.DYNAMIC_RECEIVER_NOT_EXPORTED_PERMISSION"
27-->[androidx.core:core:1.9.0] AndroidManifest.xml:23:9-81
28        android:protectionLevel="signature" />
28-->[androidx.core:core:1.9.0] AndroidManifest.xml:24:9-44
29
30    <uses-permission android:name="com.example.castlynk.legacy.DYNAMIC_RECEIVER_NOT_EXPORTED_PERMISSION" />
30-->[androidx.core:core:1.9.0] AndroidManifest.xml:26:5-97
30-->[androidx.core:core:1.9.0] AndroidManifest.xml:26:22-94
31
32    <application
32-->src\main\AndroidManifest.xml:18:5-70:19
33        android:allowBackup="true"
33-->src\main\AndroidManifest.xml:19:9-35
34        android:appComponentFactory="androidx.core.app.CoreComponentFactory"
34-->[androidx.core:core:1.9.0] AndroidManifest.xml:28:18-86
35        android:debuggable="true"
36        android:extractNativeLibs="true"
36-->INJECTED
37        android:icon="@drawable/app_icon"
37-->src\main\AndroidManifest.xml:20:9-42
38        android:label="@string/app_name"
38-->src\main\AndroidManifest.xml:21:9-41
39        android:supportsRtl="true"
39-->src\main\AndroidManifest.xml:22:9-35
40        android:theme="@style/Theme.CastLynk.Legacy" >
40-->src\main\AndroidManifest.xml:23:9-53
41        <service
41-->src\main\AndroidManifest.xml:25:9-30:35
42            android:name="com.example.castlynk.legacy.HostService"
42-->src\main\AndroidManifest.xml:26:13-40
43            android:enabled="true"
43-->src\main\AndroidManifest.xml:27:13-35
44            android:exported="false"
44-->src\main\AndroidManifest.xml:28:13-37
45            android:foregroundServiceType="mediaProjection" />
45-->src\main\AndroidManifest.xml:29:13-60
46        <service
46-->src\main\AndroidManifest.xml:32:9-43:19
47            android:name="com.example.castlynk.legacy.RemoteControlService"
47-->src\main\AndroidManifest.xml:33:13-49
48            android:exported="true"
48-->src\main\AndroidManifest.xml:36:13-36
49            android:label="CastLynk Remote Control"
49-->src\main\AndroidManifest.xml:34:13-52
50            android:permission="android.permission.BIND_ACCESSIBILITY_SERVICE" >
50-->src\main\AndroidManifest.xml:35:13-79
51            <intent-filter>
51-->src\main\AndroidManifest.xml:37:13-39:29
52                <action android:name="android.accessibilityservice.AccessibilityService" />
52-->src\main\AndroidManifest.xml:38:17-92
52-->src\main\AndroidManifest.xml:38:25-89
53            </intent-filter>
54
55            <meta-data
55-->src\main\AndroidManifest.xml:40:13-42:72
56                android:name="android.accessibilityservice"
56-->src\main\AndroidManifest.xml:41:17-60
57                android:resource="@xml/accessibility_service_config" />
57-->src\main\AndroidManifest.xml:42:17-69
58        </service>
59        <service
59-->src\main\AndroidManifest.xml:45:9-53:19
60            android:name="com.example.castlynk.legacy.NotificationSyncService"
60-->src\main\AndroidManifest.xml:46:13-52
61            android:exported="true"
61-->src\main\AndroidManifest.xml:49:13-36
62            android:label="CastLynk Notification Sync"
62-->src\main\AndroidManifest.xml:47:13-55
63            android:permission="android.permission.BIND_NOTIFICATION_LISTENER_SERVICE" >
63-->src\main\AndroidManifest.xml:48:13-87
64            <intent-filter>
64-->src\main\AndroidManifest.xml:50:13-52:29
65                <action android:name="android.service.notification.NotificationListenerService" />
65-->src\main\AndroidManifest.xml:51:17-99
65-->src\main\AndroidManifest.xml:51:25-96
66            </intent-filter>
67        </service>
68        <service android:name="com.example.castlynk.legacy.FileTransferService" />
68-->src\main\AndroidManifest.xml:55:9-56
68-->src\main\AndroidManifest.xml:55:18-53
69
70        <activity
70-->src\main\AndroidManifest.xml:57:9-64:20
71            android:name="com.example.castlynk.legacy.MainActivity"
71-->src\main\AndroidManifest.xml:58:13-41
72            android:exported="true" >
72-->src\main\AndroidManifest.xml:59:13-36
73            <intent-filter>
73-->src\main\AndroidManifest.xml:60:13-63:29
74                <action android:name="android.intent.action.MAIN" />
74-->src\main\AndroidManifest.xml:61:17-69
74-->src\main\AndroidManifest.xml:61:25-66
75
76                <category android:name="android.intent.category.LAUNCHER" />
76-->src\main\AndroidManifest.xml:62:17-77
76-->src\main\AndroidManifest.xml:62:27-74
77            </intent-filter>
78        </activity>
79        <activity android:name="com.example.castlynk.legacy.ClientActivity" />
79-->src\main\AndroidManifest.xml:66:9-52
79-->src\main\AndroidManifest.xml:66:19-49
80        <activity android:name="com.example.castlynk.legacy.HostActivity" />
80-->src\main\AndroidManifest.xml:67:9-50
80-->src\main\AndroidManifest.xml:67:19-47
81        <activity android:name="com.example.castlynk.legacy.MirrorActivity" />
81-->src\main\AndroidManifest.xml:68:9-52
81-->src\main\AndroidManifest.xml:68:19-49
82        <activity android:name="com.example.castlynk.legacy.SettingsActivity" />
82-->src\main\AndroidManifest.xml:69:9-54
82-->src\main\AndroidManifest.xml:69:19-51
83
84        <provider
84-->[androidx.emoji2:emoji2:1.2.0] AndroidManifest.xml:24:9-32:20
85            android:name="androidx.startup.InitializationProvider"
85-->[androidx.emoji2:emoji2:1.2.0] AndroidManifest.xml:25:13-67
86            android:authorities="com.example.castlynk.legacy.androidx-startup"
86-->[androidx.emoji2:emoji2:1.2.0] AndroidManifest.xml:26:13-68
87            android:exported="false" >
87-->[androidx.emoji2:emoji2:1.2.0] AndroidManifest.xml:27:13-37
88            <meta-data
88-->[androidx.emoji2:emoji2:1.2.0] AndroidManifest.xml:29:13-31:52
89                android:name="androidx.emoji2.text.EmojiCompatInitializer"
89-->[androidx.emoji2:emoji2:1.2.0] AndroidManifest.xml:30:17-75
90                android:value="androidx.startup" />
90-->[androidx.emoji2:emoji2:1.2.0] AndroidManifest.xml:31:17-49
91            <meta-data
91-->[androidx.lifecycle:lifecycle-process:2.6.1] AndroidManifest.xml:29:13-31:52
92                android:name="androidx.lifecycle.ProcessLifecycleInitializer"
92-->[androidx.lifecycle:lifecycle-process:2.6.1] AndroidManifest.xml:30:17-78
93                android:value="androidx.startup" />
93-->[androidx.lifecycle:lifecycle-process:2.6.1] AndroidManifest.xml:31:17-49
94            <meta-data
94-->[androidx.profileinstaller:profileinstaller:1.3.0] AndroidManifest.xml:29:13-31:52
95                android:name="androidx.profileinstaller.ProfileInstallerInitializer"
95-->[androidx.profileinstaller:profileinstaller:1.3.0] AndroidManifest.xml:30:17-85
96                android:value="androidx.startup" />
96-->[androidx.profileinstaller:profileinstaller:1.3.0] AndroidManifest.xml:31:17-49
97        </provider>
98
99        <receiver
99-->[androidx.profileinstaller:profileinstaller:1.3.0] AndroidManifest.xml:34:9-52:20
100            android:name="androidx.profileinstaller.ProfileInstallReceiver"
100-->[androidx.profileinstaller:profileinstaller:1.3.0] AndroidManifest.xml:35:13-76
101            android:directBootAware="false"
101-->[androidx.profileinstaller:profileinstaller:1.3.0] AndroidManifest.xml:36:13-44
102            android:enabled="true"
102-->[androidx.profileinstaller:profileinstaller:1.3.0] AndroidManifest.xml:37:13-35
103            android:exported="true"
103-->[androidx.profileinstaller:profileinstaller:1.3.0] AndroidManifest.xml:38:13-36
104            android:permission="android.permission.DUMP" >
104-->[androidx.profileinstaller:profileinstaller:1.3.0] AndroidManifest.xml:39:13-57
105            <intent-filter>
105-->[androidx.profileinstaller:profileinstaller:1.3.0] AndroidManifest.xml:40:13-42:29
106                <action android:name="androidx.profileinstaller.action.INSTALL_PROFILE" />
106-->[androidx.profileinstaller:profileinstaller:1.3.0] AndroidManifest.xml:41:17-91
106-->[androidx.profileinstaller:profileinstaller:1.3.0] AndroidManifest.xml:41:25-88
107            </intent-filter>
108            <intent-filter>
108-->[androidx.profileinstaller:profileinstaller:1.3.0] AndroidManifest.xml:43:13-45:29
109                <action android:name="androidx.profileinstaller.action.SKIP_FILE" />
109-->[androidx.profileinstaller:profileinstaller:1.3.0] AndroidManifest.xml:44:17-85
109-->[androidx.profileinstaller:profileinstaller:1.3.0] AndroidManifest.xml:44:25-82
110            </intent-filter>
111            <intent-filter>
111-->[androidx.profileinstaller:profileinstaller:1.3.0] AndroidManifest.xml:46:13-48:29
112                <action android:name="androidx.profileinstaller.action.SAVE_PROFILE" />
112-->[androidx.profileinstaller:profileinstaller:1.3.0] AndroidManifest.xml:47:17-88
112-->[androidx.profileinstaller:profileinstaller:1.3.0] AndroidManifest.xml:47:25-85
113            </intent-filter>
114            <intent-filter>
114-->[androidx.profileinstaller:profileinstaller:1.3.0] AndroidManifest.xml:49:13-51:29
115                <action android:name="androidx.profileinstaller.action.BENCHMARK_OPERATION" />
115-->[androidx.profileinstaller:profileinstaller:1.3.0] AndroidManifest.xml:50:17-95
115-->[androidx.profileinstaller:profileinstaller:1.3.0] AndroidManifest.xml:50:25-92
116            </intent-filter>
117        </receiver>
118    </application>
119
120</manifest>